execve("/usr/bin/python3", ["python3", "./hello.py"], [/* 9 vars */]) = 0
brk(NULL)                               = 0xf74000
access("/etc/ld.so.nohwcap", F_OK)      = -1 ENOENT (No such file or directory)
access("/etc/ld.so.preload", R_OK)      = -1 ENOENT (No such file or directory)
open("/etc/ld.so.cache", O_RDONLY|O_CLOEXEC) = 3
fstat(3, {st_mode=S_IFREG|0644, st_size=12296, ...}) = 0
mmap(NULL, 12296, PROT_READ, MAP_PRIVATE, 3, 0) = 0x7fe97a2e6000
close(3)                                = 0
access("/etc/ld.so.nohwcap", F_OK)      = -1 ENOENT (No such file or directory)
open("/lib/x86_64-linux-gnu/libpthread.so.0", O_RDONLY|O_CLOEXEC) = 3
read(3, "\177ELF\2\1\1\0\0\0\0\0\0\0\0\0\3\0>\0\1\0\0\0\260`\0\0\0\0\0\0"..., 832) = 832
fstat(3, {st_mode=S_IFREG|0755, st_size=138696, ...}) = 0
mmap(NULL, 4096, PROT_READ|PROT_WRITE, MAP_PRIVATE|MAP_ANONYMOUS, -1, 0) = 0x7fe97a2e5000
mmap(NULL, 2212904, PROT_READ|PROT_EXEC, MAP_PRIVATE|MAP_DENYWRITE, 3, 0) = 0x7fe979ea8000
mprotect(0x7fe979ec0000, 2093056, PROT_NONE) = 0
mmap(0x7fe97a0bf000, 8192, PROT_READ|PROT_WRITE, MAP_PRIVATE|MAP_FIXED|MAP_DENYWRITE, 3, 0x17000) = 0x7fe97a0bf000
mmap(0x7fe97a0c1000, 13352, PROT_READ|PROT_WRITE, MAP_PRIVATE|MAP_FIXED|MAP_ANONYMOUS, -1, 0) = 0x7fe97a0c1000
close(3)                                = 0
access("/etc/ld.so.nohwcap", F_OK)      = -1 ENOENT (No such file or directory)
open("/lib/x86_64-linux-gnu/libc.so.6", O_RDONLY|O_CLOEXEC) = 3
read(3, "\177ELF\2\1\1\3\0\0\0\0\0\0\0\0\3\0>\0\1\0\0\0P\t\2\0\0\0\0\0"..., 832) = 832
fstat(3, {st_mode=S_IFREG|0755, st_size=1868984, ...}) = 0
mmap(NULL, 3971488, PROT_READ|PROT_EXEC, MAP_PRIVATE|MAP_DENYWRITE, 3, 0) = 0x7fe979ade000
mprotect(0x7fe979c9e000, 2097152, PROT_NONE) = 0
mmap(0x7fe979e9e000, 24576, PROT_READ|PROT_WRITE, MAP_PRIVATE|MAP_FIXED|MAP_DENYWRITE, 3, 0x1c0000) = 0x7fe979e9e000
mmap(0x7fe979ea4000, 14752, PROT_READ|PROT_WRITE, MAP_PRIVATE|MAP_FIXED|MAP_ANONYMOUS, -1, 0) = 0x7fe979ea4000
close(3)                                = 0
access("/etc/ld.so.nohwcap", F_OK)      = -1 ENOENT (No such file or directory)
open("/lib/x86_64-linux-gnu/libdl.so.2", O_RDONLY|O_CLOEXEC) = 3
read(3, "\177ELF\2\1\1\0\0\0\0\0\0\0\0\0\3\0>\0\1\0\0\0\240\r\0\0\0\0\0\0"..., 832) = 832
fstat(3, {st_mode=S_IFREG|0644, st_size=14608, ...}) = 0
mmap(NULL, 2109680, PROT_READ|PROT_EXEC, MAP_PRIVATE|MAP_DENYWRITE, 3, 0) = 0x7fe9798da000
mprotect(0x7fe9798dd000, 2093056, PROT_NONE) = 0
mmap(0x7fe979adc000, 8192, PROT_READ|PROT_WRITE, MAP_PRIVATE|MAP_FIXED|MAP_DENYWRITE, 3, 0x2000) = 0x7fe979adc000
close(3)                                = 0
access("/etc/ld.so.nohwcap", F_OK)      = -1 ENOENT (No such file or directory)
open("/lib/x86_64-linux-gnu/libutil.so.1", O_RDONLY|O_CLOEXEC) = 3
read(3, "\177ELF\2\1\1\0\0\0\0\0\0\0\0\0\3\0>\0\1\0\0\0`\16\0\0\0\0\0\0"..., 832) = 832
fstat(3, {st_mode=S_IFREG|0644, st_size=10656, ...}) = 0
mmap(NULL, 4096, PROT_READ|PROT_WRITE, MAP_PRIVATE|MAP_ANONYMOUS, -1, 0) = 0x7fe97a2e4000
mmap(NULL, 2105608, PROT_READ|PROT_EXEC, MAP_PRIVATE|MAP_DENYWRITE, 3, 0) = 0x7fe9796d7000
mprotect(0x7fe9796d9000, 2093056, PROT_NONE) = 0
mmap(0x7fe9798d8000, 8192, PROT_READ|PROT_WRITE, MAP_PRIVATE|MAP_FIXED|MAP_DENYWRITE, 3, 0x1000) = 0x7fe9798d8000
close(3)                                = 0
access("/etc/ld.so.nohwcap", F_OK)      = -1 ENOENT (No such file or directory)
open("/lib/x86_64-linux-gnu/libexpat.so.1", O_RDONLY|O_CLOEXEC) = 3
read(3, "\177ELF\2\1\1\0\0\0\0\0\0\0\0\0\3\0>\0\1\0\0\0\0;\0\0\0\0\0\0"..., 832) = 832
fstat(3, {st_mode=S_IFREG|0644, st_size=166032, ...}) = 0
mmap(NULL, 2261096, PROT_READ|PROT_EXEC, MAP_PRIVATE|MAP_DENYWRITE, 3, 0) = 0x7fe9794ae000
mprotect(0x7fe9794d4000, 2097152, PROT_NONE) = 0
mmap(0x7fe9796d4000, 12288, PROT_READ|PROT_WRITE, MAP_PRIVATE|MAP_FIXED|MAP_DENYWRITE, 3, 0x26000) = 0x7fe9796d4000
close(3)                                = 0
access("/etc/ld.so.nohwcap", F_OK)      = -1 ENOENT (No such file or directory)
open("/lib/x86_64-linux-gnu/libz.so.1", O_RDONLY|O_CLOEXEC) = 3
read(3, "\177ELF\2\1\1\0\0\0\0\0\0\0\0\0\3\0>\0\1\0\0\0\260\35\0\0\0\0\0\0"..., 832) = 832
fstat(3, {st_mode=S_IFREG|0644, st_size=104864, ...}) = 0
mmap(NULL, 2199848, PROT_READ|PROT_EXEC, MAP_PRIVATE|MAP_DENYWRITE, 3, 0) = 0x7fe979294000
mprotect(0x7fe9792ad000, 2093056, PROT_NONE) = 0
mmap(0x7fe9794ac000, 8192, PROT_READ|PROT_WRITE, MAP_PRIVATE|MAP_FIXED|MAP_DENYWRITE, 3, 0x18000) = 0x7fe9794ac000
close(3)                                = 0
access("/etc/ld.so.nohwcap", F_OK)      = -1 ENOENT (No such file or directory)
open("/lib/x86_64-linux-gnu/libm.so.6", O_RDONLY|O_CLOEXEC) = 3
read(3, "\177ELF\2\1\1\3\0\0\0\0\0\0\0\0\3\0>\0\1\0\0\0\0V\0\0\0\0\0\0"..., 832) = 832
fstat(3, {st_mode=S_IFREG|0644, st_size=1088952, ...}) = 0
mmap(NULL, 4096, PROT_READ|PROT_WRITE, MAP_PRIVATE|MAP_ANONYMOUS, -1, 0) = 0x7fe97a2e3000
mmap(NULL, 3178744, PROT_READ|PROT_EXEC, MAP_PRIVATE|MAP_DENYWRITE, 3, 0) = 0x7fe978f8b000
mprotect(0x7fe979093000, 2093056, PROT_NONE) = 0
mmap(0x7fe979292000, 8192, PROT_READ|PROT_WRITE, MAP_PRIVATE|MAP_FIXED|MAP_DENYWRITE, 3, 0x107000) = 0x7fe979292000
close(3)                                = 0
mmap(NULL, 4096, PROT_READ|PROT_WRITE, MAP_PRIVATE|MAP_ANONYMOUS, -1, 0) = 0x7fe97a2e2000
mmap(NULL, 4096, PROT_READ|PROT_WRITE, MAP_PRIVATE|MAP_ANONYMOUS, -1, 0) = 0x7fe97a2e1000
mmap(NULL, 4096, PROT_READ|PROT_WRITE, MAP_PRIVATE|MAP_ANONYMOUS, -1, 0) = 0x7fe97a2e0000
arch_prctl(ARCH_SET_FS, 0x7fe97a2e1700) = 0
mprotect(0x7fe979e9e000, 16384, PROT_READ) = 0
mprotect(0x7fe979292000, 4096, PROT_READ) = 0
mprotect(0x7fe9794ac000, 4096, PROT_READ) = 0
mprotect(0x7fe9796d4000, 8192, PROT_READ) = 0
mprotect(0x7fe9798d8000, 4096, PROT_READ) = 0
mprotect(0x7fe979adc000, 4096, PROT_READ) = 0
mprotect(0x7fe97a0bf000, 4096, PROT_READ) = 0
mprotect(0x9a9000, 8192, PROT_READ)     = 0
mprotect(0x7fe97a2ea000, 4096, PROT_READ) = 0
munmap(0x7fe97a2e6000, 12296)           = 0
set_tid_address(0x7fe97a2e19d0)         = 17
set_robust_list(0x7fe97a2e19e0, 24)     = 0
rt_sigaction(SIGRTMIN, {0x7fe979eadb50, [], SA_RESTORER|SA_SIGINFO, 0x7fe979eb9390}, NULL, 8) = 0
rt_sigaction(SIGRT_1, {0x7fe979eadbe0, [], SA_RESTORER|SA_RESTART|SA_SIGINFO, 0x7fe979eb9390}, NULL, 8) = 0
rt_sigprocmask(SIG_UNBLOCK, [RTMIN RT_1], NULL, 8) = 0
getrlimit(RLIMIT_STACK, {rlim_cur=8192*1024, rlim_max=RLIM64_INFINITY}) = 0
brk(NULL)                               = 0xf74000
brk(0xf95000)                           = 0xf95000
getrandom("\250#\16\235_\336\303K|u\343'P\27\273\361\255$\177\16-\232M\217", 24, GRND_NONBLOCK) = 24
ioctl(0, TCGETS, {B38400 opost isig icanon echo ...}) = 0
mmap(NULL, 262144, PROT_READ|PROT_WRITE, MAP_PRIVATE|MAP_ANONYMOUS, -1, 0) = 0x7fe97a2a0000
mmap(NULL, 262144, PROT_READ|PROT_WRITE, MAP_PRIVATE|MAP_ANONYMOUS, -1, 0) = 0x7fe97a260000
brk(0xfb6000)                           = 0xfb6000
fstat(0, {st_mode=S_IFCHR|0620, st_rdev=makedev(136, 0), ...}) = 0
stat("/usr/local/sbin/python3", 0x7ffdc715aa30) = -1 ENOENT (No such file or directory)
stat("/usr/local/bin/python3", 0x7ffdc715aa30) = -1 ENOENT (No such file or directory)
stat("/usr/sbin/python3", 0x7ffdc715aa30) = -1 ENOENT (No such file or directory)
stat("/usr/bin/python3", {st_mode=S_IFREG|0755, st_size=4464368, ...}) = 0
readlink("/usr/bin/python3", "python3.5", 4096) = 9
readlink("/usr/bin/python3.5", 0x7ffdc714f970, 4096) = -1 EINVAL (Invalid argument)
open("/usr/bin/pyvenv.cfg", O_RDONLY)   = -1 ENOENT (No such file or directory)
open("/usr/pyvenv.cfg", O_RDONLY)       = -1 ENOENT (No such file or directory)
stat("/usr/bin/Modules/Setup", 0x7ffdc715aa30) = -1 ENOENT (No such file or directory)
stat("/usr/bin/lib/python3.5/os.py", 0x7ffdc7150900) = -1 ENOENT (No such file or directory)
stat("/usr/bin/lib/python3.5/os.pyc", 0x7ffdc7150900) = -1 ENOENT (No such file or directory)
stat("/usr/lib/python3.5/os.py", {st_mode=S_IFREG|0644, st_size=36970, ...}) = 0
stat("/usr/bin/pybuilddir.txt", 0x7ffdc715aa30) = -1 ENOENT (No such file or directory)
stat("/usr/bin/lib/python3.5/lib-dynload", 0x7ffdc715aa30) = -1 ENOENT (No such file or directory)
stat("/usr/lib/python3.5/lib-dynload", {st_mode=S_IFDIR|0755, st_size=4096, ...}) = 0
mmap(NULL, 262144, PROT_READ|PROT_WRITE, MAP_PRIVATE|MAP_ANONYMOUS, -1, 0) = 0x7fe97a220000
brk(0xfd7000)                           = 0xfd7000
sysinfo({uptime=8252, loads=[6944, 4800, 1536], totalram=2095869952, freeram=419700736, sharedram=790528, bufferram=30175232, totalswap=1073737728, freeswap=1073737728, procs=452, totalhigh=0, freehigh=0, mem_unit=1}) = 0
brk(0xffc000)                           = 0xffc000
sigaltstack({ss_sp=0xfa9450, ss_flags=0, ss_size=8192}, NULL) = 0
stat("/usr/lib/python35.zip", 0x7ffdc7161930) = -1 ENOENT (No such file or directory)
stat("/usr/lib", {st_mode=S_IFDIR|0755, st_size=4096, ...}) = 0
stat("/usr/lib/python35.zip", 0x7ffdc71613b0) = -1 ENOENT (No such file or directory)
stat("/usr/lib/python3.5/", {st_mode=S_IFDIR|0755, st_size=4096, ...}) = 0
stat("/usr/lib/python3.5/", {st_mode=S_IFDIR|0755, st_size=4096, ...}) = 0
stat("/usr/lib/python3.5/", {st_mode=S_IFDIR|0755, st_size=4096, ...}) = 0
open("/usr/lib/python3.5/", O_RDONLY|O_NONBLOCK|O_DIRECTORY|O_CLOEXEC) = 3
fstat(3, {st_mode=S_IFDIR|0755, st_size=4096, ...}) = 0
getdents(3, /* 204 entries */, 32768)   = 6776
getdents(3, /* 0 entries */, 32768)     = 0
close(3)                                = 0
stat("/usr/lib/python3.5/encodings/__init__.cpython-35m-x86_64-linux-gnu.so", 0x7ffdc7161610) = -1 ENOENT (No such file or directory)
stat("/usr/lib/python3.5/encodings/__init__.abi3.so", 0x7ffdc7161610) = -1 ENOENT (No such file or directory)
stat("/usr/lib/python3.5/encodings/__init__.so", 0x7ffdc7161610) = -1 ENOENT (No such file or directory)
stat("/usr/lib/python3.5/encodings/__init__.py", {st_mode=S_IFREG|0644, st_size=5067, ...}) = 0
stat("/usr/lib/python3.5/encodings/__init__.py", {st_mode=S_IFREG|0644, st_size=5067, ...}) = 0
open("/usr/lib/python3.5/encodings/__pycache__/__init__.cpython-35.pyc", O_RDONLY|O_CLOEXEC) = 3
fcntl(3, F_GETFD)                       = 0x1 (flags FD_CLOEXEC)
fstat(3, {st_mode=S_IFREG|0644, st_size=3834, ...}) = 0
lseek(3, 0, SEEK_CUR)                   = 0
fstat(3, {st_mode=S_IFREG|0644, st_size=3834, ...}) = 0
read(3, "\26\r\r\n\226\247\351[\313\23\0\0\343\0\0\0\0\0\0\0\0\0\0\0\0\5\0\0\0@\0\0"..., 3835) = 3834
read(3, "", 1)                          = 0
close(3)                                = 0
stat("/usr/lib/python3.5/", {st_mode=S_IFDIR|0755, st_size=4096, ...}) = 0
stat("/usr/lib/python3.5/codecs.py", {st_mode=S_IFREG|0644, st_size=36231, ...}) = 0
stat("/usr/lib/python3.5/codecs.py", {st_mode=S_IFREG|0644, st_size=36231, ...}) = 0
open("/usr/lib/python3.5/__pycache__/codecs.cpython-35.pyc", O_RDONLY|O_CLOEXEC) = 3
fstat(3, {st_mode=S_IFREG|0644, st_size=35288, ...}) = 0
lseek(3, 0, SEEK_CUR)                   = 0
fstat(3, {st_mode=S_IFREG|0644, st_size=35288, ...}) = 0
read(3, "\26\r\r\n\213\247\351[\207\215\0\0\343\0\0\0\0\0\0\0\0\0\0\0\0:\0\0\0@\0\0"..., 35289) = 35288
read(3, "", 1)                          = 0
close(3)                                = 0
mmap(NULL, 262144, PROT_READ|PROT_WRITE, MAP_PRIVATE|MAP_ANONYMOUS, -1, 0) = 0x7fe97a1e0000
stat("/usr/lib/python3.5/encodings", {st_mode=S_IFDIR|0755, st_size=4096, ...}) = 0
stat("/usr/lib/python3.5/encodings", {st_mode=S_IFDIR|0755, st_size=4096, ...}) = 0
stat("/usr/lib/python3.5/encodings", {st_mode=S_IFDIR|0755, st_size=4096, ...}) = 0
open("/usr/lib/python3.5/encodings", O_RDONLY|O_NONBLOCK|O_DIRECTORY|O_CLOEXEC) = 3
fstat(3, {st_mode=S_IFDIR|0755, st_size=4096, ...}) = 0
brk(0x101d000)                          = 0x101d000
getdents(3, /* 127 entries */, 32768)   = 4304
getdents(3, /* 0 entries */, 32768)     = 0
brk(0x1015000)                          = 0x1015000
close(3)                                = 0
stat("/usr/lib/python3.5/encodings/aliases.py", {st_mode=S_IFREG|0644, st_size=15542, ...}) = 0
stat("/usr/lib/python3.5/encodings/aliases.py", {st_mode=S_IFREG|0644, st_size=15542, ...}) = 0
open("/usr/lib/python3.5/encodings/__pycache__/aliases.cpython-35.pyc", O_RDONLY|O_CLOEXEC) = 3
fstat(3, {st_mode=S_IFREG|0644, st_size=7550, ...}) = 0
lseek(3, 0, SEEK_CUR)                   = 0
fstat(3, {st_mode=S_IFREG|0644, st_size=7550, ...}) = 0
read(3, "\26\r\r\n\226\247\351[\266<\0\0\343\0\0\0\0\0\0\0\0\0\0\0\0\204\2\0\0@\0\0"..., 7551) = 7550
read(3, "", 1)                          = 0
close(3)                                = 0
stat("/usr/lib/python3.5/encodings", {st_mode=S_IFDIR|0755, st_size=4096, ...}) = 0
stat("/usr/lib/python3.5/encodings/ascii.py", {st_mode=S_IFREG|0644, st_size=1248, ...}) = 0
stat("/usr/lib/python3.5/encodings/ascii.py", {st_mode=S_IFREG|0644, st_size=1248, ...}) = 0
open("/usr/lib/python3.5/encodings/__pycache__/ascii.cpython-35.pyc", O_RDONLY|O_CLOEXEC) = 3
fstat(3, {st_mode=S_IFREG|0644, st_size=1994, ...}) = 0
lseek(3, 0, SEEK_CUR)                   = 0
fstat(3, {st_mode=S_IFREG|0644, st_size=1994, ...}) = 0
read(3, "\26\r\r\n\226\247\351[\340\4\0\0\343\0\0\0\0\0\0\0\0\0\0\0\0\5\0\0\0@\0\0"..., 1995) = 1994
read(3, "", 1)                          = 0
close(3)                                = 0
rt_sigaction(SIGPIPE, {SIG_IGN, [], SA_RESTORER, 0x7fe979eb9390}, {SIG_DFL, [], 0}, 8) = 0
rt_sigaction(SIGXFSZ, {SIG_IGN, [], SA_RESTORER, 0x7fe979eb9390}, {SIG_DFL, [], 0}, 8) = 0
rt_sigaction(SIGHUP, NULL, {SIG_DFL, [], 0}, 8) = 0
rt_sigaction(SIGINT, NULL, {SIG_DFL, [], 0}, 8) = 0
rt_sigaction(SIGQUIT, NULL, {SIG_DFL, [], 0}, 8) = 0
rt_sigaction(SIGILL, NULL, {SIG_DFL, [], 0}, 8) = 0
rt_sigaction(SIGTRAP, NULL, {SIG_DFL, [], 0}, 8) = 0
rt_sigaction(SIGABRT, NULL, {SIG_DFL, [], 0}, 8) = 0
rt_sigaction(SIGBUS, NULL, {SIG_DFL, [], 0}, 8) = 0
rt_sigaction(SIGFPE, NULL, {SIG_DFL, [], 0}, 8) = 0
rt_sigaction(SIGKILL, NULL, {SIG_DFL, [], 0}, 8) = 0
rt_sigaction(SIGUSR1, NULL, {SIG_DFL, [], 0}, 8) = 0
rt_sigaction(SIGSEGV, NULL, {SIG_DFL, [], 0}, 8) = 0
rt_sigaction(SIGUSR2, NULL, {SIG_DFL, [], 0}, 8) = 0
rt_sigaction(SIGPIPE, NULL, {SIG_IGN, [], SA_RESTORER, 0x7fe979eb9390}, 8) = 0
rt_sigaction(SIGALRM, NULL, {SIG_DFL, [], 0}, 8) = 0
rt_sigaction(SIGTERM, NULL, {SIG_DFL, [], 0}, 8) = 0
rt_sigaction(SIGSTKFLT, NULL, {SIG_DFL, [], 0}, 8) = 0
rt_sigaction(SIGCHLD, NULL, {SIG_DFL, [], 0}, 8) = 0
rt_sigaction(SIGCONT, NULL, {SIG_DFL, [], 0}, 8) = 0
rt_sigaction(SIGSTOP, NULL, {SIG_DFL, [], 0}, 8) = 0
rt_sigaction(SIGTSTP, NULL, {SIG_DFL, [], 0}, 8) = 0
rt_sigaction(SIGTTIN, NULL, {SIG_DFL, [], 0}, 8) = 0
rt_sigaction(SIGTTOU, NULL, {SIG_DFL, [], 0}, 8) = 0
rt_sigaction(SIGURG, NULL, {SIG_DFL, [], 0}, 8) = 0
rt_sigaction(SIGXCPU, NULL, {SIG_DFL, [], 0}, 8) = 0
rt_sigaction(SIGXFSZ, NULL, {SIG_IGN, [], SA_RESTORER, 0x7fe979eb9390}, 8) = 0
rt_sigaction(SIGVTALRM, NULL, {SIG_DFL, [], 0}, 8) = 0
rt_sigaction(SIGPROF, NULL, {SIG_DFL, [], 0}, 8) = 0
rt_sigaction(SIGWINCH, NULL, {SIG_DFL, [], 0}, 8) = 0
rt_sigaction(SIGIO, NULL, {SIG_DFL, [], 0}, 8) = 0
rt_sigaction(SIGPWR, NULL, {SIG_DFL, [], 0}, 8) = 0
rt_sigaction(SIGSYS, NULL, {SIG_DFL, [], 0}, 8) = 0
rt_sigaction(SIGRT_2, NULL, {SIG_DFL, [], 0}, 8) = 0
rt_sigaction(SIGRT_3, NULL, {SIG_DFL, [], 0}, 8) = 0
rt_sigaction(SIGRT_4, NULL, {SIG_DFL, [], 0}, 8) = 0
rt_sigaction(SIGRT_5, NULL, {SIG_DFL, [], 0}, 8) = 0
rt_sigaction(SIGRT_6, NULL, {SIG_DFL, [], 0}, 8) = 0
rt_sigaction(SIGRT_7, NULL, {SIG_DFL, [], 0}, 8) = 0
rt_sigaction(SIGRT_8, NULL, {SIG_DFL, [], 0}, 8) = 0
rt_sigaction(SIGRT_9, NULL, {SIG_DFL, [], 0}, 8) = 0
rt_sigaction(SIGRT_10, NULL, {SIG_DFL, [], 0}, 8) = 0
rt_sigaction(SIGRT_11, NULL, {SIG_DFL, [], 0}, 8) = 0
rt_sigaction(SIGRT_12, NULL, {SIG_DFL, [], 0}, 8) = 0
rt_sigaction(SIGRT_13, NULL, {SIG_DFL, [], 0}, 8) = 0
rt_sigaction(SIGRT_14, NULL, {SIG_DFL, [], 0}, 8) = 0
rt_sigaction(SIGRT_15, NULL, {SIG_DFL, [], 0}, 8) = 0
rt_sigaction(SIGRT_16, NULL, {SIG_DFL, [], 0}, 8) = 0
rt_sigaction(SIGRT_17, NULL, {SIG_DFL, [], 0}, 8) = 0
rt_sigaction(SIGRT_18, NULL, {SIG_DFL, [], 0}, 8) = 0
rt_sigaction(SIGRT_19, NULL, {SIG_DFL, [], 0}, 8) = 0
rt_sigaction(SIGRT_20, NULL, {SIG_DFL, [], 0}, 8) = 0
rt_sigaction(SIGRT_21, NULL, {SIG_DFL, [], 0}, 8) = 0
rt_sigaction(SIGRT_22, NULL, {SIG_DFL, [], 0}, 8) = 0
rt_sigaction(SIGRT_23, NULL, {SIG_DFL, [], 0}, 8) = 0
rt_sigaction(SIGRT_24, NULL, {SIG_DFL, [], 0}, 8) = 0
rt_sigaction(SIGRT_25, NULL, {SIG_DFL, [], 0}, 8) = 0
rt_sigaction(SIGRT_26, NULL, {SIG_DFL, [], 0}, 8) = 0
rt_sigaction(SIGRT_27, NULL, {SIG_DFL, [], 0}, 8) = 0
rt_sigaction(SIGRT_28, NULL, {SIG_DFL, [], 0}, 8) = 0
rt_sigaction(SIGRT_29, NULL, {SIG_DFL, [], 0}, 8) = 0
rt_sigaction(SIGRT_30, NULL, {SIG_DFL, [], 0}, 8) = 0
rt_sigaction(SIGRT_31, NULL, {SIG_DFL, [], 0}, 8) = 0
rt_sigaction(SIGRT_32, NULL, {SIG_DFL, [], 0}, 8) = 0
rt_sigaction(SIGINT, {0x63f900, [], SA_RESTORER, 0x7fe979eb9390}, {SIG_DFL, [], 0}, 8) = 0
stat("/usr/lib/python3.5/encodings", {st_mode=S_IFDIR|0755, st_size=4096, ...}) = 0
stat("/usr/lib/python3.5/encodings/utf_8.py", {st_mode=S_IFREG|0644, st_size=1005, ...}) = 0
stat("/usr/lib/python3.5/encodings/utf_8.py", {st_mode=S_IFREG|0644, st_size=1005, ...}) = 0
open("/usr/lib/python3.5/encodings/__pycache__/utf_8.cpython-35.pyc", O_RDONLY|O_CLOEXEC) = 3
fstat(3, {st_mode=S_IFREG|0644, st_size=1694, ...}) = 0
lseek(3, 0, SEEK_CUR)                   = 0
fstat(3, {st_mode=S_IFREG|0644, st_size=1694, ...}) = 0
read(3, "\26\r\r\n\227\247\351[\355\3\0\0\343\0\0\0\0\0\0\0\0\0\0\0\0\4\0\0\0@\0\0"..., 1695) = 1694
read(3, "", 1)                          = 0
close(3)                                = 0
stat("/usr/lib/python3.5/encodings", {st_mode=S_IFDIR|0755, st_size=4096, ...}) = 0
stat("/usr/lib/python3.5/encodings/latin_1.py", {st_mode=S_IFREG|0644, st_size=1264, ...}) = 0
stat("/usr/lib/python3.5/encodings/latin_1.py", {st_mode=S_IFREG|0644, st_size=1264, ...}) = 0
open("/usr/lib/python3.5/encodings/__pycache__/latin_1.cpython-35.pyc", O_RDONLY|O_CLOEXEC) = 3
fstat(3, {st_mode=S_IFREG|0644, st_size=2006, ...}) = 0
lseek(3, 0, SEEK_CUR)                   = 0
fstat(3, {st_mode=S_IFREG|0644, st_size=2006, ...}) = 0
read(3, "\26\r\r\n\226\247\351[\360\4\0\0\343\0\0\0\0\0\0\0\0\0\0\0\0\5\0\0\0@\0\0"..., 2007) = 2006
read(3, "", 1)                          = 0
close(3)                                = 0
stat("/usr/lib/python3.5/", {st_mode=S_IFDIR|0755, st_size=4096, ...}) = 0
stat("/usr/lib/python3.5/io.py", {st_mode=S_IFREG|0644, st_size=3396, ...}) = 0
stat("/usr/lib/python3.5/io.py", {st_mode=S_IFREG|0644, st_size=3396, ...}) = 0
open("/usr/lib/python3.5/__pycache__/io.cpython-35.pyc", O_RDONLY|O_CLOEXEC) = 3
fstat(3, {st_mode=S_IFREG|0644, st_size=3443, ...}) = 0
lseek(3, 0, SEEK_CUR)                   = 0
fstat(3, {st_mode=S_IFREG|0644, st_size=3443, ...}) = 0
read(3, "\26\r\r\n\214\247\351[D\r\0\0\343\0\0\0\0\0\0\0\0\0\0\0\0\22\0\0\0@\0\0"..., 3444) = 3443
read(3, "", 1)                          = 0
close(3)                                = 0
stat("/usr/lib/python3.5/", {st_mode=S_IFDIR|0755, st_size=4096, ...}) = 0
stat("/usr/lib/python3.5/abc.py", {st_mode=S_IFREG|0644, st_size=8628, ...}) = 0
stat("/usr/lib/python3.5/abc.py", {st_mode=S_IFREG|0644, st_size=8628, ...}) = 0
open("/usr/lib/python3.5/__pycache__/abc.cpython-35.pyc", O_RDONLY|O_CLOEXEC) = 3
fstat(3, {st_mode=S_IFREG|0644, st_size=7850, ...}) = 0
lseek(3, 0, SEEK_CUR)                   = 0
fstat(3, {st_mode=S_IFREG|0644, st_size=7850, ...}) = 0
read(3, "\26\r\r\n\213\247\351[\264!\0\0\343\0\0\0\0\0\0\0\0\0\0\0\0\5\0\0\0@\0\0"..., 7851) = 7850
read(3, "", 1)                          = 0
close(3)                                = 0
stat("/usr/lib/python3.5/", {st_mode=S_IFDIR|0755, st_size=4096, ...}) = 0
stat("/usr/lib/python3.5/_weakrefset.py", {st_mode=S_IFREG|0644, st_size=5705, ...}) = 0
stat("/usr/lib/python3.5/_weakrefset.py", {st_mode=S_IFREG|0644, st_size=5705, ...}) = 0
open("/usr/lib/python3.5/__pycache__/_weakrefset.cpython-35.pyc", O_RDONLY|O_CLOEXEC) = 3
fstat(3, {st_mode=S_IFREG|0644, st_size=8406, ...}) = 0
lseek(3, 0, SEEK_CUR)                   = 0
fstat(3, {st_mode=S_IFREG|0644, st_size=8406, ...}) = 0
read(3, "\26\r\r\n\213\247\351[I\26\0\0\343\0\0\0\0\0\0\0\0\0\0\0\0\3\0\0\0@\0\0"..., 8407) = 8406
read(3, "", 1)                          = 0
close(3)                                = 0
dup(0)                                  = 3
close(3)                                = 0
fstat(0, {st_mode=S_IFCHR|0620, st_rdev=makedev(136, 0), ...}) = 0
ioctl(0, TCGETS, {B38400 opost isig icanon echo ...}) = 0
lseek(0, 0, SEEK_CUR)                   = -1 ESPIPE (Illegal seek)
ioctl(0, TCGETS, {B38400 opost isig icanon echo ...}) = 0
ioctl(0, TCGETS, {B38400 opost isig icanon echo ...}) = 0
lseek(0, 0, SEEK_CUR)                   = -1 ESPIPE (Illegal seek)
dup(1)                                  = 3
close(3)                                = 0
fstat(1, {st_mode=S_IFCHR|0620, st_rdev=makedev(136, 0), ...}) = 0
ioctl(1, TCGETS, {B38400 opost isig icanon echo ...}) = 0
lseek(1, 0, SEEK_CUR)                   = -1 ESPIPE (Illegal seek)
ioctl(1, TCGETS, {B38400 opost isig icanon echo ...}) = 0
ioctl(1, TCGETS, {B38400 opost isig icanon echo ...}) = 0
lseek(1, 0, SEEK_CUR)                   = -1 ESPIPE (Illegal seek)
dup(2)                                  = 3
close(3)                                = 0
fstat(2, {st_mode=S_IFCHR|0620, st_rdev=makedev(136, 0), ...}) = 0
ioctl(2, TCGETS, {B38400 opost isig icanon echo ...}) = 0
lseek(2, 0, SEEK_CUR)                   = -1 ESPIPE (Illegal seek)
ioctl(2, TCGETS, {B38400 opost isig icanon echo ...}) = 0
ioctl(2, TCGETS, {B38400 opost isig icanon echo ...}) = 0
lseek(2, 0, SEEK_CUR)                   = -1 ESPIPE (Illegal seek)
stat("/usr/lib/python3.5/", {st_mode=S_IFDIR|0755, st_size=4096, ...}) = 0
stat("/usr/lib/python3.5/site.py", {st_mode=S_IFREG|0644, st_size=22258, ...}) = 0
stat("/usr/lib/python3.5/site.py", {st_mode=S_IFREG|0644, st_size=22258, ...}) = 0
open("/usr/lib/python3.5/__pycache__/site.cpython-35.pyc", O_RDONLY|O_CLOEXEC) = 3
fstat(3, {st_mode=S_IFREG|0644, st_size=18143, ...}) = 0
lseek(3, 0, SEEK_CUR)                   = 0
fstat(3, {st_mode=S_IFREG|0644, st_size=18143, ...}) = 0
read(3, "\26\r\r\n\214\247\351[\362V\0\0\343\0\0\0\0\0\0\0\0\0\0\0\0\3\0\0\0@\0\0"..., 18144) = 18143
read(3, "", 1)                          = 0
close(3)                                = 0
stat("/usr/lib/python3.5/", {st_mode=S_IFDIR|0755, st_size=4096, ...}) = 0
stat("/usr/lib/python3.5/os.py", {st_mode=S_IFREG|0644, st_size=36970, ...}) = 0
stat("/usr/lib/python3.5/os.py", {st_mode=S_IFREG|0644, st_size=36970, ...}) = 0
open("/usr/lib/python3.5/__pycache__/os.cpython-35.pyc", O_RDONLY|O_CLOEXEC) = 3
fstat(3, {st_mode=S_IFREG|0644, st_size=31295, ...}) = 0
lseek(3, 0, SEEK_CUR)                   = 0
fstat(3, {st_mode=S_IFREG|0644, st_size=31295, ...}) = 0
read(3, "\26\r\r\n\214\247\351[j\220\0\0\343\0\0\0\0\0\0\0\0\0\0\0\0000\0\0\0@\0\0"..., 31296) = 31295
read(3, "", 1)                          = 0
close(3)                                = 0
brk(0x1039000)                          = 0x1039000
mmap(NULL, 262144, PROT_READ|PROT_WRITE, MAP_PRIVATE|MAP_ANONYMOUS, -1, 0) = 0x7fe97a1a0000
stat("/usr/lib/python3.5/", {st_mode=S_IFDIR|0755, st_size=4096, ...}) = 0
stat("/usr/lib/python3.5/stat.py", {st_mode=S_IFREG|0644, st_size=5038, ...}) = 0
stat("/usr/lib/python3.5/stat.py", {st_mode=S_IFREG|0644, st_size=5038, ...}) = 0
open("/usr/lib/python3.5/__pycache__/stat.cpython-35.pyc", O_RDONLY|O_CLOEXEC) = 3
fstat(3, {st_mode=S_IFREG|0644, st_size=4147, ...}) = 0
lseek(3, 0, SEEK_CUR)                   = 0
fstat(3, {st_mode=S_IFREG|0644, st_size=4147, ...}) = 0
read(3, "\26\r\r\n\214\247\351[\256\23\0\0\343\0\0\0\0\0\0\0\0\0\0\0\0\r\0\0\0@\0\0"..., 4148) = 4147
read(3, "", 1)                          = 0
close(3)                                = 0
stat("/usr/lib/python3.5/", {st_mode=S_IFDIR|0755, st_size=4096, ...}) = 0
stat("/usr/lib/python3.5/posixpath.py", {st_mode=S_IFREG|0644, st_size=14881, ...}) = 0
stat("/usr/lib/python3.5/posixpath.py", {st_mode=S_IFREG|0644, st_size=14881, ...}) = 0
open("/usr/lib/python3.5/__pycache__/posixpath.cpython-35.pyc", O_RDONLY|O_CLOEXEC) = 3
fstat(3, {st_mode=S_IFREG|0644, st_size=11120, ...}) = 0
lseek(3, 0, SEEK_CUR)                   = 0
fstat(3, {st_mode=S_IFREG|0644, st_size=11120, ...}) = 0
read(3, "\26\r\r\n\214\247\351[!:\0\0\343\0\0\0\0\0\0\0\0\0\0\0\0&\0\0\0@\0\0"..., 11121) = 11120
read(3, "", 1)                          = 0
close(3)                                = 0
stat("/usr/lib/python3.5/", {st_mode=S_IFDIR|0755, st_size=4096, ...}) = 0
stat("/usr/lib/python3.5/genericpath.py", {st_mode=S_IFREG|0644, st_size=4364, ...}) = 0
stat("/usr/lib/python3.5/genericpath.py", {st_mode=S_IFREG|0644, st_size=4364, ...}) = 0
open("/usr/lib/python3.5/__pycache__/genericpath.cpython-35.pyc", O_RDONLY|O_CLOEXEC) = 3
fstat(3, {st_mode=S_IFREG|0644, st_size=3917, ...}) = 0
lseek(3, 0, SEEK_CUR)                   = 0
fstat(3, {st_mode=S_IFREG|0644, st_size=3917, ...}) = 0
read(3, "\26\r\r\n\214\247\351[\f\21\0\0\343\0\0\0\0\0\0\0\0\0\0\0\0\v\0\0\0@\0\0"..., 3918) = 3917
read(3, "", 1)                          = 0
close(3)                                = 0
stat("/usr/lib/python3.5/", {st_mode=S_IFDIR|0755, st_size=4096, ...}) = 0
stat("/usr/lib/python3.5/_collections_abc.py", {st_mode=S_IFREG|0644, st_size=24706, ...}) = 0
stat("/usr/lib/python3.5/_collections_abc.py", {st_mode=S_IFREG|0644, st_size=24706, ...}) = 0
open("/usr/lib/python3.5/__pycache__/_collections_abc.cpython-35.pyc", O_RDONLY|O_CLOEXEC) = 3
fstat(3, {st_mode=S_IFREG|0644, st_size=29622, ...}) = 0
lseek(3, 0, SEEK_CUR)                   = 0
fstat(3, {st_mode=S_IFREG|0644, st_size=29622, ...}) = 0
read(3, "\26\r\r\n\213\247\351[\202`\0\0\343\0\0\0\0\0\0\0\0\0\0\0\0\26\0\0\0@\0\0"..., 29623) = 29622
read(3, "", 1)                          = 0
close(3)                                = 0
mmap(NULL, 262144, PROT_READ|PROT_WRITE, MAP_PRIVATE|MAP_ANONYMOUS, -1, 0) = 0x7fe97a160000
stat("/usr/lib/python3.5/", {st_mode=S_IFDIR|0755, st_size=4096, ...}) = 0
stat("/usr/lib/python3.5/_sitebuiltins.py", {st_mode=S_IFREG|0644, st_size=3115, ...}) = 0
stat("/usr/lib/python3.5/_sitebuiltins.py", {st_mode=S_IFREG|0644, st_size=3115, ...}) = 0
open("/usr/lib/python3.5/__pycache__/_sitebuiltins.cpython-35.pyc", O_RDONLY|O_CLOEXEC) = 3
fstat(3, {st_mode=S_IFREG|0644, st_size=3654, ...}) = 0
lseek(3, 0, SEEK_CUR)                   = 0
fstat(3, {st_mode=S_IFREG|0644, st_size=3654, ...}) = 0
read(3, "\26\r\r\n\213\247\351[+\f\0\0\343\0\0\0\0\0\0\0\0\0\0\0\0\4\0\0\0@\0\0"..., 3655) = 3654
read(3, "", 1)                          = 0
close(3)                                = 0
stat("/usr/bin/pyvenv.cfg", 0x7ffdc7161610) = -1 ENOENT (No such file or directory)
stat("/usr/pyvenv.cfg", 0x7ffdc7161610) = -1 ENOENT (No such file or directory)
geteuid()                               = 0
getuid()                                = 0
getegid()                               = 0
getgid()                                = 0
stat("/usr/lib/python3.5", {st_mode=S_IFDIR|0755, st_size=4096, ...}) = 0
stat("/usr/lib/python3.5", {st_mode=S_IFDIR|0755, st_size=4096, ...}) = 0
stat("/usr/lib/python3.5", {st_mode=S_IFDIR|0755, st_size=4096, ...}) = 0
open("/usr/lib/python3.5", O_RDONLY|O_NONBLOCK|O_DIRECTORY|O_CLOEXEC) = 3
fstat(3, {st_mode=S_IFDIR|0755, st_size=4096, ...}) = 0
getdents(3, /* 204 entries */, 32768)   = 6776
getdents(3, /* 0 entries */, 32768)     = 0
close(3)                                = 0
stat("/usr/lib/python3.5/sysconfig.py", {st_mode=S_IFREG|0644, st_size=24650, ...}) = 0
stat("/usr/lib/python3.5/sysconfig.py", {st_mode=S_IFREG|0644, st_size=24650, ...}) = 0
open("/usr/lib/python3.5/__pycache__/sysconfig.cpython-35.pyc", O_RDONLY|O_CLOEXEC) = 3
fstat(3, {st_mode=S_IFREG|0644, st_size=17045, ...}) = 0
lseek(3, 0, SEEK_CUR)                   = 0
fstat(3, {st_mode=S_IFREG|0644, st_size=17045, ...}) = 0
read(3, "\26\r\r\n\214\247\351[J`\0\0\343\0\0\0\0\0\0\0\0\0\0\0\0\31\0\0\0@\0\0"..., 17046) = 17045
read(3, "", 1)                          = 0
close(3)                                = 0
brk(0x105a000)                          = 0x105a000
mmap(NULL, 200704, PROT_READ|PROT_WRITE, MAP_PRIVATE|MAP_ANONYMOUS, -1, 0) = 0x7fe97a12f000
brk(0x1051000)                          = 0x1051000
lstat("/usr", {st_mode=S_IFDIR|0755, st_size=4096, ...}) = 0
lstat("/usr/bin", {st_mode=S_IFDIR|0755, st_size=12288, ...}) = 0
lstat("/usr/bin/python3", {st_mode=S_IFLNK|0777, st_size=9, ...}) = 0
readlink("/usr/bin/python3", "python3.5", 4096) = 9
lstat("/usr/bin/python3.5", {st_mode=S_IFREG|0755, st_size=4464368, ...}) = 0
stat("/usr/bin/Modules/Setup.dist", 0x7ffdc71604d0) = -1 ENOENT (No such file or directory)
stat("/usr/bin/Modules/Setup.local", 0x7ffdc71604d0) = -1 ENOENT (No such file or directory)
stat("/usr/lib/python3.5", {st_mode=S_IFDIR|0755, st_size=4096, ...}) = 0
stat("/usr/lib/python3.5/_sysconfigdata.py", {st_mode=S_IFREG|0644, st_size=126, ...}) = 0
stat("/usr/lib/python3.5/_sysconfigdata.py", {st_mode=S_IFREG|0644, st_size=126, ...}) = 0
open("/usr/lib/python3.5/__pycache__/_sysconfigdata.cpython-35.pyc", O_RDONLY|O_CLOEXEC) = 3
fstat(3, {st_mode=S_IFREG|0644, st_size=251, ...}) = 0
lseek(3, 0, SEEK_CUR)                   = 0
fstat(3, {st_mode=S_IFREG|0644, st_size=251, ...}) = 0
read(3, "\26\r\r\n\f\233\220R~\0\0\0\343\0\0\0\0\0\0\0\0\0\0\0\0\3\0\0\0@\0\0"..., 252) = 251
read(3, "", 1)                          = 0
close(3)                                = 0
stat("/usr/lib/python3.5", {st_mode=S_IFDIR|0755, st_size=4096, ...}) = 0
stat("/usr/lib/python3.5/plat-x86_64-linux-gnu", {st_mode=S_IFDIR|0755, st_size=4096, ...}) = 0
stat("/usr/lib/python3.5/plat-x86_64-linux-gnu", {st_mode=S_IFDIR|0755, st_size=4096, ...}) = 0
stat("/usr/lib/python3.5/plat-x86_64-linux-gnu", {st_mode=S_IFDIR|0755, st_size=4096, ...}) = 0
open("/usr/lib/python3.5/plat-x86_64-linux-gnu", O_RDONLY|O_NONBLOCK|O_DIRECTORY|O_CLOEXEC) = 3
fstat(3, {st_mode=S_IFDIR|0755, st_size=4096, ...}) = 0
getdents(3, /* 8 entries */, 32768)     = 248
getdents(3, /* 0 entries */, 32768)     = 0
close(3)                                = 0
stat("/usr/lib/python3.5/plat-x86_64-linux-gnu/_sysconfigdata_m.py", {st_mode=S_IFREG|0644, st_size=21469, ...}) = 0
stat("/usr/lib/python3.5/plat-x86_64-linux-gnu/_sysconfigdata_m.py", {st_mode=S_IFREG|0644, st_size=21469, ...}) = 0
open("/usr/lib/python3.5/plat-x86_64-linux-gnu/__pycache__/_sysconfigdata_m.cpython-35.pyc", O_RDONLY|O_CLOEXEC) = 3
fstat(3, {st_mode=S_IFREG|0644, st_size=21029, ...}) = 0
lseek(3, 0, SEEK_CUR)                   = 0
fstat(3, {st_mode=S_IFREG|0644, st_size=21029, ...}) = 0
read(3, "\26\r\r\n\315\247\351[\335S\0\0\343\0\0\0\0\0\0\0\0\0\0\0\0\10\5\0\0@\0\0"..., 21030) = 21029
read(3, "", 1)                          = 0
close(3)                                = 0
lstat("/usr", {st_mode=S_IFDIR|0755, st_size=4096, ...}) = 0
lstat("/usr/lib", {st_mode=S_IFDIR|0755, st_size=4096, ...}) = 0
lstat("/usr/lib/python3.5", {st_mode=S_IFDIR|0755, st_size=4096, ...}) = 0
lstat("/usr/lib/python3.5/config-3.5m-x86_64-linux-gnu", {st_mode=S_IFDIR|0755, st_size=4096, ...}) = 0
stat("/root/.local/lib/python3.5/site-packages", 0x7ffdc7161820) = -1 ENOENT (No such file or directory)
stat("/usr/local/lib/python3.5/dist-packages", {st_mode=S_IFDIR|S_ISGID|0775, st_size=4096, ...}) = 0
open("/usr/local/lib/python3.5/dist-packages", O_RDONLY|O_NONBLOCK|O_DIRECTORY|O_CLOEXEC) = 3
fstat(3, {st_mode=S_IFDIR|S_ISGID|0775, st_size=4096, ...}) = 0
getdents(3, /* 2 entries */, 32768)     = 48
getdents(3, /* 0 entries */, 32768)     = 0
close(3)                                = 0
stat("/usr/lib/python3/dist-packages", {st_mode=S_IFDIR|0755, st_size=4096, ...}) = 0
open("/usr/lib/python3/dist-packages", O_RDONLY|O_NONBLOCK|O_DIRECTORY|O_CLOEXEC) = 3
fstat(3, {st_mode=S_IFDIR|0755, st_size=4096, ...}) = 0
getdents(3, /* 3 entries */, 32768)     = 80
getdents(3, /* 0 entries */, 32768)     = 0
close(3)                                = 0
stat("/usr/lib/python3.5/dist-packages", 0x7ffdc7161740) = -1 ENOENT (No such file or directory)
stat("/usr/lib/python3.5", {st_mode=S_IFDIR|0755, st_size=4096, ...}) = 0
stat("/usr/lib/python3.5/sitecustomize.py", {st_mode=S_IFREG|0644, st_size=155, ...}) = 0
stat("/usr/lib/python3.5/sitecustomize.py", {st_mode=S_IFREG|0644, st_size=155, ...}) = 0
open("/usr/lib/python3.5/__pycache__/sitecustomize.cpython-35.pyc", O_RDONLY|O_CLOEXEC) = 3
fstat(3, {st_mode=S_IFREG|0644, st_size=217, ...}) = 0
lseek(3, 0, SEEK_CUR)                   = 0
fstat(3, {st_mode=S_IFREG|0644, st_size=217, ...}) = 0
read(3, "\26\r\r\n\210\247\351[\233\0\0\0\343\0\0\0\0\0\0\0\0\0\0\0\0\v\0\0\0@\0\0"..., 218) = 217
read(3, "", 1)                          = 0
close(3)                                = 0
stat("/usr/lib/python3.5", {st_mode=S_IFDIR|0755, st_size=4096, ...}) = 0
stat("/usr/lib/python3.5/plat-x86_64-linux-gnu", {st_mode=S_IFDIR|0755, st_size=4096, ...}) = 0
stat("/usr/lib/python3.5/lib-dynload", {st_mode=S_IFDIR|0755, st_size=4096, ...}) = 0
stat("/usr/lib/python3.5/lib-dynload", {st_mode=S_IFDIR|0755, st_size=4096, ...}) = 0
stat("/usr/lib/python3.5/lib-dynload", {st_mode=S_IFDIR|0755, st_size=4096, ...}) = 0
open("/usr/lib/python3.5/lib-dynload", O_RDONLY|O_NONBLOCK|O_DIRECTORY|O_CLOEXEC) = 3
fstat(3, {st_mode=S_IFDIR|0755, st_size=4096, ...}) = 0
getdents(3, /* 41 entries */, 32768)    = 2544
getdents(3, /* 0 entries */, 32768)     = 0
close(3)                                = 0
stat("/usr/local/lib/python3.5/dist-packages", {st_mode=S_IFDIR|S_ISGID|0775, st_size=4096, ...}) = 0
stat("/usr/local/lib/python3.5/dist-packages", {st_mode=S_IFDIR|S_ISGID|0775, st_size=4096, ...}) = 0
stat("/usr/local/lib/python3.5/dist-packages", {st_mode=S_IFDIR|S_ISGID|0775, st_size=4096, ...}) = 0
open("/usr/local/lib/python3.5/dist-packages", O_RDONLY|O_NONBLOCK|O_DIRECTORY|O_CLOEXEC) = 3
fstat(3, {st_mode=S_IFDIR|S_ISGID|0775, st_size=4096, ...}) = 0
getdents(3, /* 2 entries */, 32768)     = 48
getdents(3, /* 0 entries */, 32768)     = 0
close(3)                                = 0
stat("/usr/lib/python3/dist-packages", {st_mode=S_IFDIR|0755, st_size=4096, ...}) = 0
stat("/usr/lib/python3/dist-packages", {st_mode=S_IFDIR|0755, st_size=4096, ...}) = 0
stat("/usr/lib/python3/dist-packages", {st_mode=S_IFDIR|0755, st_size=4096, ...}) = 0
open("/usr/lib/python3/dist-packages", O_RDONLY|O_NONBLOCK|O_DIRECTORY|O_CLOEXEC) = 3
fstat(3, {st_mode=S_IFDIR|0755, st_size=4096, ...}) = 0
getdents(3, /* 3 entries */, 32768)     = 80
getdents(3, /* 0 entries */, 32768)     = 0
close(3)                                = 0
stat("/usr/lib/python3.5", {st_mode=S_IFDIR|0755, st_size=4096, ...}) = 0
stat("/usr/lib/python3.5/plat-x86_64-linux-gnu", {st_mode=S_IFDIR|0755, st_size=4096, ...}) = 0
stat("/usr/lib/python3.5/lib-dynload", {st_mode=S_IFDIR|0755, st_size=4096, ...}) = 0
stat("/usr/local/lib/python3.5/dist-packages", {st_mode=S_IFDIR|S_ISGID|0775, st_size=4096, ...}) = 0
stat("/usr/lib/python3/dist-packages", {st_mode=S_IFDIR|0755, st_size=4096, ...}) = 0
readlink("./hello.py", 0x7ffdc7151b30, 4096) = -1 EINVAL (Invalid argument)
getcwd("/home", 4096)                   = 6
lstat("/home/hello.py", {st_mode=S_IFREG|0644, st_size=22, ...}) = 0
stat("./hello.py", {st_mode=S_IFREG|0644, st_size=22, ...}) = 0
open("./hello.py", O_RDONLY)            = 3
ioctl(3, FIOCLEX)                       = 0
fstat(3, {st_mode=S_IFREG|0644, st_size=22, ...}) = 0
fstat(3, {st_mode=S_IFREG|0644, st_size=22, ...}) = 0
lseek(3, 0, SEEK_SET)                   = 0
read(3, "print('hello world')\n\n", 4096) = 22
close(3)                                = 0
stat("./hello.py", {st_mode=S_IFREG|0644, st_size=22, ...}) = 0
open("./hello.py", O_RDONLY)            = 3
ioctl(3, FIOCLEX)                       = 0
fstat(3, {st_mode=S_IFREG|0644, st_size=22, ...}) = 0
ioctl(3, TCGETS, 0x7ffdc7162ae0)        = -1 ENOSYS (Function not implemented)
lseek(3, 0, SEEK_CUR)                   = 0
fstat(3, {st_mode=S_IFREG|0644, st_size=22, ...}) = 0
read(3, "print('hello world')\n\n", 4096) = 22
lseek(3, 0, SEEK_SET)                   = 0
brk(0x1072000)                          = 0x1072000
read(3, "print('hello world')\n\n", 4096) = 22
read(3, "", 4096)                       = 0
brk(0x1069000)                          = 0x1069000
close(3)                                = 0
write(1, "hello world\n", 12)           = 12
rt_sigaction(SIGINT, {SIG_DFL, [], SA_RESTORER, 0x7fe979eb9390}, {0x63f900, [], SA_RESTORER, 0x7fe979eb9390}, 8) = 0
brk(0x1052000)                          = 0x1052000
exit_group(0)                           = ?
+++ exited with 0 +++
