07:08:44.203891 execve("./main", ["./main"], [/* 9 vars */]) = 0 <0.001418>
07:08:44.206593 brk(NULL)               = 0x1927000 <0.000093>
07:08:44.207580 access("/etc/ld.so.nohwcap", F_OK) = -1 ENOENT (No such file or directory) <0.000153>
07:08:44.208597 access("/etc/ld.so.preload", R_OK) = -1 ENOENT (No such file or directory) <0.000108>
07:08:44.209504 open("/etc/ld.so.cache", O_RDONLY|O_CLOEXEC) = 3 <0.000095>
07:08:44.210336 fstat(3, {st_mode=S_IFREG|0644, st_size=12296, ...}) = 0 <0.000080>
07:08:44.211115 mmap(NULL, 12296, PROT_READ, MAP_PRIVATE, 3, 0) = 0x7ff3dab71000 <0.000083>
07:08:44.211836 close(3)                = 0 <0.000092>
07:08:44.212619 access("/etc/ld.so.nohwcap", F_OK) = -1 ENOENT (No such file or directory) <0.000087>
07:08:44.213393 open("/lib/x86_64-linux-gnu/libc.so.6", O_RDONLY|O_CLOEXEC) = 3 <0.000092>
07:08:44.214174 read(3, "\177ELF\2\1\1\3\0\0\0\0\0\0\0\0\3\0>\0\1\0\0\0P\t\2\0\0\0\0\0"..., 832) = 832 <0.000082>
07:08:44.214875 fstat(3, {st_mode=S_IFREG|0755, st_size=1868984, ...}) = 0 <0.000101>
07:08:44.215639 mmap(NULL, 4096, PROT_READ|PROT_WRITE, MAP_PRIVATE|MAP_ANONYMOUS, -1, 0) = 0x7ff3dab70000 <0.000130>
07:08:44.216566 mmap(NULL, 3971488, PROT_READ|PROT_EXEC, MAP_PRIVATE|MAP_DENYWRITE, 3, 0) = 0x7ff3da586000 <0.000112>
07:08:44.217595 mprotect(0x7ff3da746000, 2097152, PROT_NONE) = 0 <0.000140>
07:08:44.218619 mmap(0x7ff3da946000, 24576, PROT_READ|PROT_WRITE, MAP_PRIVATE|MAP_FIXED|MAP_DENYWRITE, 3, 0x1c0000) = 0x7ff3da946000 <0.000106>
07:08:44.219637 mmap(0x7ff3da94c000, 14752, PROT_READ|PROT_WRITE, MAP_PRIVATE|MAP_FIXED|MAP_ANONYMOUS, -1, 0) = 0x7ff3da94c000 <0.000113>
07:08:44.220591 close(3)                = 0 <0.000099>
07:08:44.221509 mmap(NULL, 4096, PROT_READ|PROT_WRITE, MAP_PRIVATE|MAP_ANONYMOUS, -1, 0) = 0x7ff3dab6f000 <0.000110>
07:08:44.222518 mmap(NULL, 4096, PROT_READ|PROT_WRITE, MAP_PRIVATE|MAP_ANONYMOUS, -1, 0) = 0x7ff3dab6e000 <0.000102>
07:08:44.223424 arch_prctl(ARCH_SET_FS, 0x7ff3dab6f700) = 0 <0.000139>
07:08:44.224433 mprotect(0x7ff3da946000, 16384, PROT_READ) = 0 <0.000118>
07:08:44.225334 mprotect(0x600000, 4096, PROT_READ) = 0 <0.000107>
07:08:44.226284 mprotect(0x7ff3dab75000, 4096, PROT_READ) = 0 <0.000110>
07:08:44.227167 munmap(0x7ff3dab71000, 12296) = 0 <0.000109>
07:08:44.228456 fstat(1, {st_mode=S_IFCHR|0620, st_rdev=makedev(136, 0), ...}) = 0 <0.000095>
07:08:44.229282 brk(NULL)               = 0x1927000 <0.000098>
07:08:44.230027 brk(0x1948000)          = 0x1948000 <0.000092>
07:08:44.230862 write(1, "Hello World.\n", 13) = 13 <0.000122>
07:08:44.231802 exit_group(0)           = ?
07:08:44.232447 +++ exited with 0 +++
